{"C:\\Users\\haaka\\Documents\\GitHub\\shoutout\\index.js":{"path":"C:\\Users\\haaka\\Documents\\GitHub\\shoutout\\index.js","s":{"1":1,"2":1,"3":1,"4":1,"5":1,"6":1,"7":1,"8":1,"9":1,"10":1,"11":1,"12":1,"13":1,"14":1,"15":1,"16":1,"17":1,"18":1,"19":1,"20":1,"21":1,"22":1,"23":1,"24":1,"25":1,"26":1,"27":1,"28":1,"29":1,"30":1,"31":0,"32":1,"33":0,"34":0,"35":0,"36":1,"37":0,"38":0,"39":0,"40":0,"41":0,"42":0,"43":0,"44":0,"45":0,"46":0,"47":0,"48":0,"49":0,"50":0,"51":0,"52":0,"53":0,"54":0,"55":0,"56":0,"57":0,"58":0,"59":0,"60":0,"61":0,"62":0,"63":0,"64":0,"65":0,"66":0,"67":0,"68":0,"69":0,"70":0,"71":0,"72":0,"73":0,"74":0,"75":0,"76":0,"77":0,"78":0,"79":0,"80":0,"81":0,"82":0,"83":0,"84":0,"85":0,"86":0,"87":0,"88":0,"89":0,"90":0,"91":0,"92":0,"93":0,"94":0,"95":0,"96":0,"97":0,"98":0,"99":0,"100":0,"101":1,"102":0,"103":0,"104":0,"105":0,"106":0,"107":0,"108":0,"109":0,"110":0,"111":0,"112":0,"113":0,"114":0,"115":0,"116":0,"117":0,"118":0,"119":0,"120":0,"121":0,"122":0,"123":0,"124":0,"125":0,"126":0,"127":0,"128":0,"129":0,"130":0,"131":0,"132":0,"133":0,"134":0,"135":0,"136":0,"137":0,"138":0,"139":0,"140":0,"141":0,"142":0,"143":0,"144":0,"145":0,"146":0,"147":0,"148":0,"149":0,"150":0,"151":0,"152":0},"b":{"1":[0,0],"2":[0,0],"3":[0,0],"4":[0,0],"5":[0,0],"6":[0,0],"7":[0,0],"8":[0,0],"9":[0,0],"10":[0,0],"11":[0,0],"12":[0,0],"13":[0,0],"14":[0,0],"15":[0,0],"16":[0,0],"17":[0,0],"18":[0,0],"19":[0,0],"20":[0,0],"21":[0,0]},"f":{"1":0,"2":0,"3":0,"4":0,"5":0,"6":0,"7":0,"8":0,"9":0,"10":0,"11":0,"12":0,"13":0,"14":0,"15":0,"16":0,"17":0,"18":0,"19":0,"20":0,"21":0,"22":0,"23":0},"fnMap":{"1":{"name":"(anonymous_1)","line":37,"loc":{"start":{"line":37,"column":17},"end":{"line":37,"column":27}}},"2":{"name":"(anonymous_2)","line":45,"loc":{"start":{"line":45,"column":26},"end":{"line":45,"column":42}}},"3":{"name":"hashPassword","line":49,"loc":{"start":{"line":49,"column":2},"end":{"line":49,"column":40}}},"4":{"name":"(anonymous_4)","line":57,"loc":{"start":{"line":57,"column":18},"end":{"line":57,"column":52}}},"5":{"name":"(anonymous_5)","line":62,"loc":{"start":{"line":62,"column":47},"end":{"line":62,"column":61}}},"6":{"name":"(anonymous_6)","line":76,"loc":{"start":{"line":76,"column":15},"end":{"line":76,"column":25}}},"7":{"name":"(anonymous_7)","line":89,"loc":{"start":{"line":89,"column":33},"end":{"line":89,"column":68}}},"8":{"name":"(anonymous_8)","line":92,"loc":{"start":{"line":92,"column":66},"end":{"line":92,"column":85}}},"9":{"name":"(anonymous_9)","line":96,"loc":{"start":{"line":96,"column":95},"end":{"line":96,"column":114}}},"10":{"name":"(anonymous_10)","line":103,"loc":{"start":{"line":103,"column":25},"end":{"line":103,"column":46}}},"11":{"name":"(anonymous_11)","line":107,"loc":{"start":{"line":107,"column":27},"end":{"line":107,"column":46}}},"12":{"name":"(anonymous_12)","line":108,"loc":{"start":{"line":108,"column":62},"end":{"line":108,"column":81}}},"13":{"name":"(anonymous_13)","line":116,"loc":{"start":{"line":116,"column":22},"end":{"line":116,"column":40}}},"14":{"name":"(anonymous_14)","line":123,"loc":{"start":{"line":123,"column":27},"end":{"line":123,"column":41}}},"15":{"name":"(anonymous_15)","line":134,"loc":{"start":{"line":134,"column":25},"end":{"line":134,"column":39}}},"16":{"name":"emitAllQuestions","line":153,"loc":{"start":{"line":153,"column":2},"end":{"line":153,"column":29}}},"17":{"name":"(anonymous_17)","line":162,"loc":{"start":{"line":162,"column":28},"end":{"line":162,"column":46}}},"18":{"name":"(anonymous_18)","line":186,"loc":{"start":{"line":186,"column":21},"end":{"line":186,"column":37}}},"19":{"name":"(anonymous_19)","line":192,"loc":{"start":{"line":192,"column":41},"end":{"line":192,"column":52}}},"20":{"name":"(anonymous_20)","line":207,"loc":{"start":{"line":207,"column":20},"end":{"line":207,"column":34}}},"21":{"name":"(anonymous_21)","line":210,"loc":{"start":{"line":210,"column":28},"end":{"line":210,"column":41}}},"22":{"name":"(anonymous_22)","line":233,"loc":{"start":{"line":233,"column":23},"end":{"line":233,"column":36}}},"23":{"name":"(anonymous_23)","line":240,"loc":{"start":{"line":240,"column":23},"end":{"line":240,"column":33}}}},"statementMap":{"1":{"start":{"line":2,"column":0},"end":{"line":2,"column":33}},"2":{"start":{"line":3,"column":0},"end":{"line":3,"column":20}},"3":{"start":{"line":4,"column":0},"end":{"line":4,"column":39}},"4":{"start":{"line":5,"column":0},"end":{"line":5,"column":43}},"5":{"start":{"line":6,"column":0},"end":{"line":6,"column":26}},"6":{"start":{"line":7,"column":0},"end":{"line":7,"column":27}},"7":{"start":{"line":8,"column":0},"end":{"line":8,"column":40}},"8":{"start":{"line":9,"column":0},"end":{"line":9,"column":44}},"9":{"start":{"line":10,"column":0},"end":{"line":10,"column":48}},"10":{"start":{"line":12,"column":0},"end":{"line":12,"column":23}},"11":{"start":{"line":13,"column":0},"end":{"line":13,"column":24}},"12":{"start":{"line":14,"column":0},"end":{"line":14,"column":33}},"13":{"start":{"line":15,"column":0},"end":{"line":15,"column":43}},"14":{"start":{"line":16,"column":0},"end":{"line":16,"column":31}},"15":{"start":{"line":17,"column":0},"end":{"line":17,"column":36}},"16":{"start":{"line":18,"column":0},"end":{"line":18,"column":35}},"17":{"start":{"line":19,"column":0},"end":{"line":19,"column":55}},"18":{"start":{"line":21,"column":0},"end":{"line":21,"column":19}},"19":{"start":{"line":22,"column":0},"end":{"line":22,"column":17}},"20":{"start":{"line":23,"column":0},"end":{"line":23,"column":11}},"21":{"start":{"line":24,"column":0},"end":{"line":24,"column":15}},"22":{"start":{"line":25,"column":0},"end":{"line":25,"column":18}},"23":{"start":{"line":26,"column":0},"end":{"line":26,"column":16}},"24":{"start":{"line":29,"column":0},"end":{"line":29,"column":61}},"25":{"start":{"line":30,"column":0},"end":{"line":30,"column":24}},"26":{"start":{"line":31,"column":0},"end":{"line":31,"column":51}},"27":{"start":{"line":32,"column":0},"end":{"line":32,"column":84}},"28":{"start":{"line":33,"column":0},"end":{"line":33,"column":31}},"29":{"start":{"line":34,"column":0},"end":{"line":34,"column":28}},"30":{"start":{"line":37,"column":0},"end":{"line":39,"column":3}},"31":{"start":{"line":38,"column":2},"end":{"line":38,"column":36}},"32":{"start":{"line":45,"column":0},"end":{"line":247,"column":3}},"33":{"start":{"line":46,"column":2},"end":{"line":46,"column":41}},"34":{"start":{"line":47,"column":2},"end":{"line":47,"column":20}},"35":{"start":{"line":48,"column":2},"end":{"line":48,"column":32}},"36":{"start":{"line":49,"column":2},"end":{"line":55,"column":3}},"37":{"start":{"line":50,"column":4},"end":{"line":50,"column":43}},"38":{"start":{"line":51,"column":4},"end":{"line":51,"column":26}},"39":{"start":{"line":52,"column":4},"end":{"line":52,"column":22}},"40":{"start":{"line":53,"column":4},"end":{"line":53,"column":55}},"41":{"start":{"line":54,"column":4},"end":{"line":54,"column":30}},"42":{"start":{"line":57,"column":2},"end":{"line":74,"column":3}},"43":{"start":{"line":58,"column":4},"end":{"line":58,"column":59}},"44":{"start":{"line":59,"column":4},"end":{"line":59,"column":46}},"45":{"start":{"line":60,"column":4},"end":{"line":60,"column":97}},"46":{"start":{"line":62,"column":4},"end":{"line":72,"column":7}},"47":{"start":{"line":63,"column":6},"end":{"line":71,"column":7}},"48":{"start":{"line":64,"column":8},"end":{"line":68,"column":9}},"49":{"start":{"line":65,"column":10},"end":{"line":65,"column":40}},"50":{"start":{"line":66,"column":10},"end":{"line":66,"column":46}},"51":{"start":{"line":67,"column":10},"end":{"line":67,"column":87}},"52":{"start":{"line":67,"column":18},"end":{"line":67,"column":87}},"53":{"start":{"line":70,"column":8},"end":{"line":70,"column":32}},"54":{"start":{"line":70,"column":16},"end":{"line":70,"column":32}},"55":{"start":{"line":73,"column":4},"end":{"line":73,"column":32}},"56":{"start":{"line":76,"column":2},"end":{"line":87,"column":5}},"57":{"start":{"line":77,"column":4},"end":{"line":86,"column":5}},"58":{"start":{"line":78,"column":6},"end":{"line":84,"column":10}},"59":{"start":{"line":85,"column":6},"end":{"line":85,"column":31}},"60":{"start":{"line":89,"column":2},"end":{"line":101,"column":6}},"61":{"start":{"line":90,"column":4},"end":{"line":90,"column":63}},"62":{"start":{"line":92,"column":4},"end":{"line":100,"column":7}},"63":{"start":{"line":93,"column":6},"end":{"line":93,"column":41}},"64":{"start":{"line":93,"column":16},"end":{"line":93,"column":41}},"65":{"start":{"line":94,"column":6},"end":{"line":94,"column":50}},"66":{"start":{"line":95,"column":6},"end":{"line":95,"column":32}},"67":{"start":{"line":96,"column":6},"end":{"line":99,"column":9}},"68":{"start":{"line":97,"column":8},"end":{"line":97,"column":43}},"69":{"start":{"line":97,"column":18},"end":{"line":97,"column":43}},"70":{"start":{"line":98,"column":8},"end":{"line":98,"column":31}},"71":{"start":{"line":103,"column":2},"end":{"line":105,"column":5}},"72":{"start":{"line":104,"column":4},"end":{"line":104,"column":31}},"73":{"start":{"line":107,"column":2},"end":{"line":112,"column":5}},"74":{"start":{"line":108,"column":4},"end":{"line":111,"column":7}},"75":{"start":{"line":109,"column":6},"end":{"line":109,"column":41}},"76":{"start":{"line":109,"column":16},"end":{"line":109,"column":41}},"77":{"start":{"line":110,"column":6},"end":{"line":110,"column":29}},"78":{"start":{"line":114,"column":2},"end":{"line":115,"column":89}},"79":{"start":{"line":116,"column":2},"end":{"line":120,"column":5}},"80":{"start":{"line":117,"column":4},"end":{"line":117,"column":55}},"81":{"start":{"line":123,"column":2},"end":{"line":132,"column":5}},"82":{"start":{"line":124,"column":4},"end":{"line":124,"column":32}},"83":{"start":{"line":125,"column":4},"end":{"line":125,"column":50}},"84":{"start":{"line":126,"column":4},"end":{"line":126,"column":38}},"85":{"start":{"line":127,"column":4},"end":{"line":127,"column":24}},"86":{"start":{"line":128,"column":4},"end":{"line":128,"column":30}},"87":{"start":{"line":129,"column":4},"end":{"line":129,"column":26}},"88":{"start":{"line":130,"column":4},"end":{"line":130,"column":89}},"89":{"start":{"line":131,"column":4},"end":{"line":131,"column":46}},"90":{"start":{"line":134,"column":2},"end":{"line":151,"column":5}},"91":{"start":{"line":135,"column":4},"end":{"line":135,"column":25}},"92":{"start":{"line":136,"column":4},"end":{"line":136,"column":48}},"93":{"start":{"line":137,"column":4},"end":{"line":147,"column":5}},"94":{"start":{"line":138,"column":6},"end":{"line":138,"column":39}},"95":{"start":{"line":140,"column":9},"end":{"line":147,"column":5}},"96":{"start":{"line":141,"column":6},"end":{"line":141,"column":24}},"97":{"start":{"line":142,"column":6},"end":{"line":142,"column":39}},"98":{"start":{"line":143,"column":6},"end":{"line":143,"column":20}},"99":{"start":{"line":145,"column":6},"end":{"line":145,"column":56}},"100":{"start":{"line":146,"column":6},"end":{"line":146,"column":72}},"101":{"start":{"line":153,"column":2},"end":{"line":160,"column":3}},"102":{"start":{"line":154,"column":4},"end":{"line":158,"column":5}},"103":{"start":{"line":155,"column":6},"end":{"line":157,"column":7}},"104":{"start":{"line":156,"column":8},"end":{"line":156,"column":95}},"105":{"start":{"line":162,"column":2},"end":{"line":183,"column":5}},"106":{"start":{"line":163,"column":4},"end":{"line":165,"column":5}},"107":{"start":{"line":164,"column":6},"end":{"line":164,"column":13}},"108":{"start":{"line":166,"column":4},"end":{"line":172,"column":5}},"109":{"start":{"line":173,"column":4},"end":{"line":173,"column":9}},"110":{"start":{"line":175,"column":4},"end":{"line":179,"column":5}},"111":{"start":{"line":176,"column":6},"end":{"line":178,"column":7}},"112":{"start":{"line":177,"column":8},"end":{"line":177,"column":35}},"113":{"start":{"line":180,"column":4},"end":{"line":180,"column":22}},"114":{"start":{"line":181,"column":4},"end":{"line":181,"column":45}},"115":{"start":{"line":182,"column":4},"end":{"line":182,"column":73}},"116":{"start":{"line":186,"column":2},"end":{"line":204,"column":5}},"117":{"start":{"line":187,"column":4},"end":{"line":187,"column":37}},"118":{"start":{"line":188,"column":4},"end":{"line":188,"column":34}},"119":{"start":{"line":189,"column":4},"end":{"line":189,"column":24}},"120":{"start":{"line":190,"column":4},"end":{"line":196,"column":5}},"121":{"start":{"line":191,"column":6},"end":{"line":195,"column":7}},"122":{"start":{"line":192,"column":8},"end":{"line":194,"column":11}},"123":{"start":{"line":193,"column":10},"end":{"line":193,"column":33}},"124":{"start":{"line":198,"column":4},"end":{"line":201,"column":5}},"125":{"start":{"line":199,"column":6},"end":{"line":199,"column":40}},"126":{"start":{"line":200,"column":6},"end":{"line":200,"column":13}},"127":{"start":{"line":202,"column":4},"end":{"line":202,"column":20}},"128":{"start":{"line":203,"column":4},"end":{"line":203,"column":47}},"129":{"start":{"line":207,"column":2},"end":{"line":238,"column":5}},"130":{"start":{"line":208,"column":4},"end":{"line":208,"column":33}},"131":{"start":{"line":209,"column":4},"end":{"line":209,"column":32}},"132":{"start":{"line":210,"column":4},"end":{"line":212,"column":7}},"133":{"start":{"line":211,"column":6},"end":{"line":211,"column":32}},"134":{"start":{"line":213,"column":4},"end":{"line":213,"column":17}},"135":{"start":{"line":214,"column":4},"end":{"line":218,"column":5}},"136":{"start":{"line":215,"column":6},"end":{"line":217,"column":7}},"137":{"start":{"line":216,"column":8},"end":{"line":216,"column":29}},"138":{"start":{"line":219,"column":4},"end":{"line":222,"column":5}},"139":{"start":{"line":220,"column":6},"end":{"line":220,"column":40}},"140":{"start":{"line":221,"column":6},"end":{"line":221,"column":13}},"141":{"start":{"line":223,"column":4},"end":{"line":226,"column":7}},"142":{"start":{"line":227,"column":4},"end":{"line":229,"column":5}},"143":{"start":{"line":228,"column":6},"end":{"line":228,"column":13}},"144":{"start":{"line":230,"column":4},"end":{"line":230,"column":63}},"145":{"start":{"line":231,"column":4},"end":{"line":231,"column":29}},"146":{"start":{"line":232,"column":4},"end":{"line":232,"column":36}},"147":{"start":{"line":232,"column":26},"end":{"line":232,"column":36}},"148":{"start":{"line":233,"column":4},"end":{"line":235,"column":7}},"149":{"start":{"line":234,"column":6},"end":{"line":234,"column":69}},"150":{"start":{"line":236,"column":4},"end":{"line":236,"column":32}},"151":{"start":{"line":237,"column":4},"end":{"line":237,"column":46}},"152":{"start":{"line":240,"column":2},"end":{"line":244,"column":5}}},"branchMap":{"1":{"line":63,"type":"if","locations":[{"start":{"line":63,"column":6},"end":{"line":63,"column":6}},{"start":{"line":63,"column":6},"end":{"line":63,"column":6}}]},"2":{"line":64,"type":"if","locations":[{"start":{"line":64,"column":8},"end":{"line":64,"column":8}},{"start":{"line":64,"column":8},"end":{"line":64,"column":8}}]},"3":{"line":67,"type":"if","locations":[{"start":{"line":67,"column":10},"end":{"line":67,"column":10}},{"start":{"line":67,"column":10},"end":{"line":67,"column":10}}]},"4":{"line":70,"type":"if","locations":[{"start":{"line":70,"column":8},"end":{"line":70,"column":8}},{"start":{"line":70,"column":8},"end":{"line":70,"column":8}}]},"5":{"line":77,"type":"if","locations":[{"start":{"line":77,"column":4},"end":{"line":77,"column":4}},{"start":{"line":77,"column":4},"end":{"line":77,"column":4}}]},"6":{"line":93,"type":"if","locations":[{"start":{"line":93,"column":6},"end":{"line":93,"column":6}},{"start":{"line":93,"column":6},"end":{"line":93,"column":6}}]},"7":{"line":97,"type":"if","locations":[{"start":{"line":97,"column":8},"end":{"line":97,"column":8}},{"start":{"line":97,"column":8},"end":{"line":97,"column":8}}]},"8":{"line":109,"type":"if","locations":[{"start":{"line":109,"column":6},"end":{"line":109,"column":6}},{"start":{"line":109,"column":6},"end":{"line":109,"column":6}}]},"9":{"line":137,"type":"if","locations":[{"start":{"line":137,"column":4},"end":{"line":137,"column":4}},{"start":{"line":137,"column":4},"end":{"line":137,"column":4}}]},"10":{"line":140,"type":"if","locations":[{"start":{"line":140,"column":9},"end":{"line":140,"column":9}},{"start":{"line":140,"column":9},"end":{"line":140,"column":9}}]},"11":{"line":155,"type":"if","locations":[{"start":{"line":155,"column":6},"end":{"line":155,"column":6}},{"start":{"line":155,"column":6},"end":{"line":155,"column":6}}]},"12":{"line":163,"type":"if","locations":[{"start":{"line":163,"column":4},"end":{"line":163,"column":4}},{"start":{"line":163,"column":4},"end":{"line":163,"column":4}}]},"13":{"line":176,"type":"if","locations":[{"start":{"line":176,"column":6},"end":{"line":176,"column":6}},{"start":{"line":176,"column":6},"end":{"line":176,"column":6}}]},"14":{"line":191,"type":"if","locations":[{"start":{"line":191,"column":6},"end":{"line":191,"column":6}},{"start":{"line":191,"column":6},"end":{"line":191,"column":6}}]},"15":{"line":198,"type":"if","locations":[{"start":{"line":198,"column":4},"end":{"line":198,"column":4}},{"start":{"line":198,"column":4},"end":{"line":198,"column":4}}]},"16":{"line":215,"type":"if","locations":[{"start":{"line":215,"column":6},"end":{"line":215,"column":6}},{"start":{"line":215,"column":6},"end":{"line":215,"column":6}}]},"17":{"line":219,"type":"if","locations":[{"start":{"line":219,"column":4},"end":{"line":219,"column":4}},{"start":{"line":219,"column":4},"end":{"line":219,"column":4}}]},"18":{"line":227,"type":"if","locations":[{"start":{"line":227,"column":4},"end":{"line":227,"column":4}},{"start":{"line":227,"column":4},"end":{"line":227,"column":4}}]},"19":{"line":232,"type":"if","locations":[{"start":{"line":232,"column":4},"end":{"line":232,"column":4}},{"start":{"line":232,"column":4},"end":{"line":232,"column":4}}]},"20":{"line":234,"type":"cond-expr","locations":[{"start":{"line":234,"column":34},"end":{"line":234,"column":36}},{"start":{"line":234,"column":40},"end":{"line":234,"column":67}}]},"21":{"line":234,"type":"cond-expr","locations":[{"start":{"line":234,"column":62},"end":{"line":234,"column":63}},{"start":{"line":234,"column":66},"end":{"line":234,"column":67}}]}}}}